
Circuit 1 cell sky130_fd_pr__pfet_g5v0d10v5 and Circuit 2 cell sky130_fd_pr__pfet_g5v0d10v5 are black boxes.
Warning: Equate pins:  cell sky130_fd_pr__pfet_g5v0d10v5 is a placeholder, treated as a black box.
Warning: Equate pins:  cell sky130_fd_pr__pfet_g5v0d10v5 is a placeholder, treated as a black box.

Subcircuit pins:
Circuit 1: sky130_fd_pr__pfet_g5v0d10v5    |Circuit 2: sky130_fd_pr__pfet_g5v0d10v5    
-------------------------------------------|-------------------------------------------
1                                          |1                                          
2                                          |2                                          
3                                          |3                                          
4                                          |4                                          
---------------------------------------------------------------------------------------
Cell pin lists are equivalent.
Device classes sky130_fd_pr__pfet_g5v0d10v5 and sky130_fd_pr__pfet_g5v0d10v5 are equivalent.

Circuit 1 cell sky130_fd_pr__nfet_g5v0d10v5 and Circuit 2 cell sky130_fd_pr__nfet_g5v0d10v5 are black boxes.
Warning: Equate pins:  cell sky130_fd_pr__nfet_g5v0d10v5 is a placeholder, treated as a black box.
Warning: Equate pins:  cell sky130_fd_pr__nfet_g5v0d10v5 is a placeholder, treated as a black box.

Subcircuit pins:
Circuit 1: sky130_fd_pr__nfet_g5v0d10v5    |Circuit 2: sky130_fd_pr__nfet_g5v0d10v5    
-------------------------------------------|-------------------------------------------
1                                          |1                                          
2                                          |2                                          
3                                          |3                                          
4                                          |4                                          
---------------------------------------------------------------------------------------
Cell pin lists are equivalent.
Device classes sky130_fd_pr__nfet_g5v0d10v5 and sky130_fd_pr__nfet_g5v0d10v5 are equivalent.

Circuit 1 cell sky130_fd_pr__cap_mim_m3_1 and Circuit 2 cell sky130_fd_pr__cap_mim_m3_1 are black boxes.
Warning: Equate pins:  cell sky130_fd_pr__cap_mim_m3_1 is a placeholder, treated as a black box.
Warning: Equate pins:  cell sky130_fd_pr__cap_mim_m3_1 is a placeholder, treated as a black box.

Subcircuit pins:
Circuit 1: sky130_fd_pr__cap_mim_m3_1      |Circuit 2: sky130_fd_pr__cap_mim_m3_1      
-------------------------------------------|-------------------------------------------
1                                          |1                                          
2                                          |2                                          
---------------------------------------------------------------------------------------
Cell pin lists are equivalent.
Device classes sky130_fd_pr__cap_mim_m3_1 and sky130_fd_pr__cap_mim_m3_1 are equivalent.
Flattening unmatched subcell sky130_fd_pr__pfet_g5v0d10v5_4LQ75H in circuit Ota_esq (0)(1 instance)
Flattening unmatched subcell sky130_fd_pr__pfet_g5v0d10v5_LMT75H in circuit Ota_esq (0)(1 instance)
Flattening unmatched subcell sky130_fd_pr__nfet_g5v0d10v5_RVNTYK in circuit Ota_esq (0)(1 instance)
Flattening unmatched subcell sky130_fd_pr__nfet_g5v0d10v5_RMPAXK in circuit Ota_esq (0)(1 instance)
Flattening unmatched subcell sky130_fd_pr__pfet_g5v0d10v5_FYUU4F in circuit Ota_esq (0)(1 instance)
Flattening unmatched subcell sky130_fd_pr__pfet_g5v0d10v5_C5553C in circuit Ota_esq (0)(1 instance)
Flattening unmatched subcell sky130_fd_pr__nfet_g5v0d10v5_YCT7Q3 in circuit Ota_esq (0)(1 instance)
Flattening unmatched subcell sky130_fd_pr__pfet_g5v0d10v5_FY4V4F in circuit Ota_esq (0)(1 instance)
Flattening unmatched subcell sky130_fd_pr__cap_mim_m3_1_M5BWMD in circuit Ota_esq (0)(1 instance)

Class Ota_esq (0):  Merged 32 parallel devices.
Subcircuit summary:
Circuit 1: Ota_esq                         |Circuit 2: Ota_esq                         
-------------------------------------------|-------------------------------------------
sky130_fd_pr__pfet_g5v0d10v5 (31->5)       |sky130_fd_pr__pfet_g5v0d10v5 (5)           
sky130_fd_pr__nfet_g5v0d10v5 (9->3)        |sky130_fd_pr__nfet_g5v0d10v5 (3)           
sky130_fd_pr__cap_mim_m3_1 (1)             |sky130_fd_pr__cap_mim_m3_1 (1)             
Number of devices: 9                       |Number of devices: 9                       
Number of nets: 9                          |Number of nets: 9                          
---------------------------------------------------------------------------------------
Netlists match uniquely.

Subcircuit pins:
Circuit 1: Ota_esq                         |Circuit 2: Ota_esq                         
-------------------------------------------|-------------------------------------------
Vout                                       |Vout                                       
VSS                                        |VSS                                        
VDD                                        |VDD                                        
Ibias                                      |Ibias                                      
Vip                                        |Vip                                        
Vin                                        |Vin                                        
---------------------------------------------------------------------------------------
Cell pin lists are equivalent.
Device classes Ota_esq and Ota_esq are equivalent.

Final result: Circuits match uniquely.
.
